<?xml version="1.0" encoding="UTF-8"?>
<!-- Generated by org.testng.reporters.JUnitXMLReporter -->
<testsuite hostname="DESKTOP-DG0T5O6" ignored="0" name="Auto1Test" tests="35" failures="10" timestamp="2019-04-03T19:43:32 IST" time="44.253" errors="0">
  <testcase name="testManufacturer_Validate_Keys_and_Values_inResposeJSON" time="10.888" classname="testCases.Test_Manufacturer"/>
  <testcase name="testManufacturer_With_validParameters" time="5.288" classname="testCases.Test_Manufacturer"/>
  <testcase name="testManufacturer_With_invalidParameterName_wa_key" time="0.53" classname="testCases.Test_Manufacturer"/>
  <testcase name="testManufacturer_With_invalidParameterValue_wa_key" time="0.52" classname="testCases.Test_Manufacturer"/>
  <testcase name="testManufacturer_With_invalidParameterName_locale" time="0.629" classname="testCases.Test_Manufacturer">
    <failure type="java.lang.AssertionError" message="expected [400] but found [200]">
      <![CDATA[java.lang.AssertionError: expected [400] but found [200]
at testCases.Test_Manufacturer.testManufacturer_With_invalidParameterName_locale(Test_Manufacturer.java:129)
... Removed 32 stack frames]]>
    </failure>
  </testcase> <!-- testManufacturer_With_invalidParameterName_locale -->
  <testcase name="testManufacturer_With_invalidParameterValue_locale" time="0.912" classname="testCases.Test_Manufacturer">
    <failure type="java.lang.AssertionError" message="expected [404] but found [200]">
      <![CDATA[java.lang.AssertionError: expected [404] but found [200]
at testCases.Test_Manufacturer.testManufacturer_With_invalidParameterValue_locale(Test_Manufacturer.java:147)
... Removed 32 stack frames]]>
    </failure>
  </testcase> <!-- testManufacturer_With_invalidParameterValue_locale -->
  <testcase name="testManufacturer_With_allInvalidParameters" time="0.645" classname="testCases.Test_Manufacturer"/>
  <testcase name="testManufacturer_With_extraParameter" time="0.625" classname="testCases.Test_Manufacturer">
    <failure type="java.lang.AssertionError" message="expected [400] but found [200]">
      <![CDATA[java.lang.AssertionError: expected [400] but found [200]
at testCases.Test_Manufacturer.testManufacturer_With_extraParameter(Test_Manufacturer.java:183)
... Removed 32 stack frames]]>
    </failure>
  </testcase> <!-- testManufacturer_With_extraParameter -->
  <testcase name="testMaintypes_With_validParameters" time="1.414" classname="testCases.Test_MainTypes"/>
  <testcase name="testMaintypes_With_invalidParameterName_manufacturer" time="0.967" classname="testCases.Test_MainTypes"/>
  <testcase name="testMaintypes_With_invalidParameterValue_manufacturer" time="0.937" classname="testCases.Test_MainTypes"/>
  <testcase name="testMainTypes_With_invalidParameterName_wa_key" time="0.81" classname="testCases.Test_MainTypes"/>
  <testcase name="testMainTypes_With_invalidParameterValue_wa_key" time="0.863" classname="testCases.Test_MainTypes"/>
  <testcase name="testMainTypes_With_invalidParameterName_locale" time="0.719" classname="testCases.Test_MainTypes">
    <failure type="java.lang.AssertionError" message="expected [400] but found [200]">
      <![CDATA[java.lang.AssertionError: expected [400] but found [200]
at testCases.Test_MainTypes.testMainTypes_With_invalidParameterName_locale(Test_MainTypes.java:185)
... Removed 32 stack frames]]>
    </failure>
  </testcase> <!-- testMainTypes_With_invalidParameterName_locale -->
  <testcase name="testMainTypes_With_invalidParameterValue_locale" time="0.64" classname="testCases.Test_MainTypes">
    <failure type="java.lang.AssertionError" message="expected [404] but found [200]">
      <![CDATA[java.lang.AssertionError: expected [404] but found [200]
at testCases.Test_MainTypes.testMainTypes_With_invalidParameterValue_locale(Test_MainTypes.java:203)
... Removed 32 stack frames]]>
    </failure>
  </testcase> <!-- testMainTypes_With_invalidParameterValue_locale -->
  <testcase name="testMainTypes_With_allInvalidParameters" time="0.619" classname="testCases.Test_MainTypes"/>
  <testcase name="testMainTypes_With_extraParameter" time="0.653" classname="testCases.Test_MainTypes">
    <failure type="java.lang.AssertionError" message="expected [400] but found [200]">
      <![CDATA[java.lang.AssertionError: expected [400] but found [200]
at testCases.Test_MainTypes.testMainTypes_With_extraParameter(Test_MainTypes.java:239)
... Removed 32 stack frames]]>
    </failure>
  </testcase> <!-- testMainTypes_With_extraParameter -->
  <testcase name="testMaintypes_With_validParameters" time="1.774" classname="testCases.Test_MainTypes"/>
  <testcase name="testMaintypes_With_validParameters" time="1.343" classname="testCases.Test_MainTypes"/>
  <testcase name="testBuiltDates_With_validParameters" time="1.178" classname="testCases.Test_BuiltDates"/>
  <testcase name="testBuiltDates_With_invalidParameterName_mainType" time="0.705" classname="testCases.Test_BuiltDates"/>
  <testcase name="testBuiltDates_With_invalidParameterValue_mainType" time="0.572" classname="testCases.Test_BuiltDates"/>
  <testcase name="testBuiltDates_With_invalidParameterValue_caseSensitive_mainType" time="0.964" classname="testCases.Test_BuiltDates"/>
  <testcase name="testBuiltDates_With_invalidParameterValue_MissingSpace_mainType" time="0.653" classname="testCases.Test_BuiltDates"/>
  <testcase name="testBuiltDates_With_invalidParameterName_manufacturer" time="1.01" classname="testCases.Test_BuiltDates"/>
  <testcase name="testBuiltDates_With_invalidParameterValue_manufacturer" time="0.832" classname="testCases.Test_BuiltDates"/>
  <testcase name="testBuiltDates_With_invalidParameterName_wa_key" time="0.623" classname="testCases.Test_BuiltDates"/>
  <testcase name="testBuiltDates_With_invalidParameterValue_wa_key" time="0.631" classname="testCases.Test_BuiltDates"/>
  <testcase name="testBuiltDates_With_invalidParameterName_locale" time="0.648" classname="testCases.Test_BuiltDates">
    <failure type="java.lang.AssertionError" message="expected [400] but found [200]">
      <![CDATA[java.lang.AssertionError: expected [400] but found [200]
at testCases.Test_BuiltDates.testBuiltDates_With_invalidParameterName_locale(Test_BuiltDates.java:282)
... Removed 32 stack frames]]>
    </failure>
  </testcase> <!-- testBuiltDates_With_invalidParameterName_locale -->
  <testcase name="testBuiltDates_With_invalidParameterValue_locale" time="0.557" classname="testCases.Test_BuiltDates">
    <failure type="java.lang.AssertionError" message="expected [404] but found [200]">
      <![CDATA[java.lang.AssertionError: expected [404] but found [200]
at testCases.Test_BuiltDates.testBuiltDates_With_invalidParameterValue_locale(Test_BuiltDates.java:300)
... Removed 32 stack frames]]>
    </failure>
  </testcase> <!-- testBuiltDates_With_invalidParameterValue_locale -->
  <testcase name="testBuiltDates_With_allInvalidParameters" time="0.523" classname="testCases.Test_BuiltDates"/>
  <testcase name="testBuiltDates_With_extraParameter" time="0.821" classname="testCases.Test_BuiltDates">
    <failure type="java.lang.AssertionError" message="expected [400] but found [200]">
      <![CDATA[java.lang.AssertionError: expected [400] but found [200]
at testCases.Test_BuiltDates.testBuiltDates_With_extraParameter(Test_BuiltDates.java:336)
... Removed 32 stack frames]]>
    </failure>
  </testcase> <!-- testBuiltDates_With_extraParameter -->
  <testcase name="testBuiltDates_for_pageValues" time="0.625" classname="testCases.Test_BuiltDates">
    <failure type="java.lang.NullPointerException">
      <![CDATA[java.lang.NullPointerException
at io.restassured.path.json.JsonPath.getInt(JsonPath.java:244)
at testCases.Test_BuiltDates.testBuiltDates_for_pageValues(Test_BuiltDates.java:349)
... Removed 27 stack frames]]>
    </failure>
  </testcase> <!-- testBuiltDates_for_pageValues -->
  <testcase name="testBuiltDates_With_validParameters" time="1.316" classname="testCases.Test_BuiltDates"/>
  <testcase name="testBuiltDates_With_validParameters" time="1.002" classname="testCases.Test_BuiltDates"/>
</testsuite> <!-- Auto1Test -->
