<?xml version="1.0" encoding="UTF-8"?>
<testng-results skipped="2" failed="1" ignored="0" total="5" passed="2">
  <reporter-output>
  </reporter-output>
  <suite name="Main Test Suite" duration-ms="36469" started-at="2020-04-08T14:05:02Z" finished-at="2020-04-08T14:05:38Z">
    <groups>
      <group name="cucumber">
        <method signature="AbstractTestNGCucumberTests.feature(cucumber.api.testng.CucumberFeatureWrapper)[pri:0, instance:main.CucumberRunner@1e67a849]" name="feature" class="cucumber.api.testng.AbstractTestNGCucumberTests"/>
        <method signature="AbstractTestNGCucumberTests.feature(cucumber.api.testng.CucumberFeatureWrapper)[pri:0, instance:stepdefinition.CCPAPageTest@3d121db3]" name="feature" class="cucumber.api.testng.AbstractTestNGCucumberTests"/>
      </group> <!-- cucumber -->
    </groups>
    <test name="CCPA-Chrome" duration-ms="34621" started-at="2020-04-08T14:05:02Z" finished-at="2020-04-08T14:05:36Z">
      <class name="main.CucumberRunner">
        <test-method status="PASS" signature="setUpClass()[pri:0, instance:main.CucumberRunner@1e67a849]" name="setUpClass" is-config="true" duration-ms="513" started-at="2020-04-08T14:05:02Z" finished-at="2020-04-08T14:05:02Z">
          <reporter-output>
          </reporter-output>
        </test-method> <!-- setUpClass -->
        <test-method status="PASS" signature="configureDriverPath(java.lang.String, java.lang.String, java.lang.String, java.lang.String, java.lang.String, java.lang.String)[pri:0, instance:main.CucumberRunner@1e67a849]" name="configureDriverPath" is-config="true" duration-ms="24267" started-at="2020-04-08T14:05:02Z" finished-at="2020-04-08T14:05:26Z">
          <params>
            <param index="0">
              <value>
                <![CDATA[https://3.229.165.41/ccpaui/#/publisher/consumer-request]]>
              </value>
            </param>
            <param index="1">
              <value>
                <![CDATA[QA]]>
              </value>
            </param>
            <param index="2">
              <value>
                <![CDATA[Windows]]>
              </value>
            </param>
            <param index="3">
              <value>
                <![CDATA[Chrome]]>
              </value>
            </param>
            <param index="4">
              <value>
                <![CDATA[65.0]]>
              </value>
            </param>
            <param index="5">
              <value>
                <![CDATA[4444]]>
              </value>
            </param>
          </params>
          <reporter-output>
          </reporter-output>
        </test-method> <!-- configureDriverPath -->
        <test-method status="PASS" signature="feature(cucumber.api.testng.CucumberFeatureWrapper)[pri:0, instance:main.CucumberRunner@1e67a849]" name="feature" duration-ms="578" started-at="2020-04-08T14:05:27Z" description="Runs Cucumber Feature" data-provider="features" finished-at="2020-04-08T14:05:27Z">
          <params>
            <param index="0">
              <value>
                <![CDATA[CCPA Test for field level validation.]]>
              </value>
            </param>
          </params>
          <reporter-output>
          </reporter-output>
        </test-method> <!-- feature -->
        <test-method status="PASS" signature="destroyLocalDriver()[pri:0, instance:main.CucumberRunner@1e67a849]" name="destroyLocalDriver" is-config="true" duration-ms="13" started-at="2020-04-08T14:05:27Z" finished-at="2020-04-08T14:05:27Z">
          <reporter-output>
          </reporter-output>
        </test-method> <!-- destroyLocalDriver -->
        <test-method status="PASS" signature="postCondition(org.testng.ITestResult)[pri:0, instance:main.CucumberRunner@1e67a849]" name="postCondition" is-config="true" duration-ms="2" started-at="2020-04-08T14:05:27Z" finished-at="2020-04-08T14:05:27Z">
          <params>
            <param index="0">
              <value>
                <![CDATA[[TestResult name=feature status=SUCCESS method=AbstractTestNGCucumberTests.feature(cucumber.api.testng.CucumberFeatureWrapper)[pri:0, instance:main.CucumberRunner@1e67a849] output={null}]]]>
              </value>
            </param>
          </params>
          <reporter-output>
          </reporter-output>
        </test-method> <!-- postCondition -->
        <test-method status="PASS" signature="teardown()[pri:0, instance:main.CucumberRunner@1e67a849]" name="teardown" is-config="true" duration-ms="8010" started-at="2020-04-08T14:05:27Z" finished-at="2020-04-08T14:05:35Z">
          <reporter-output>
          </reporter-output>
        </test-method> <!-- teardown -->
        <test-method status="PASS" signature="writeExtentReport()[pri:0, instance:main.CucumberRunner@1e67a849]" name="writeExtentReport" is-config="true" duration-ms="137" started-at="2020-04-08T14:05:35Z" finished-at="2020-04-08T14:05:35Z">
          <reporter-output>
          </reporter-output>
        </test-method> <!-- writeExtentReport -->
        <test-method status="PASS" signature="tearDownClass()[pri:0, instance:main.CucumberRunner@1e67a849]" name="tearDownClass" is-config="true" duration-ms="882" started-at="2020-04-08T14:05:35Z" finished-at="2020-04-08T14:05:36Z">
          <reporter-output>
          </reporter-output>
        </test-method> <!-- tearDownClass -->
      </class> <!-- main.CucumberRunner -->
    </test> <!-- CCPA-Chrome -->
    <test name="CCPA-Chrom1" duration-ms="1800" started-at="2020-04-08T14:05:36Z" finished-at="2020-04-08T14:05:38Z">
      <class name="stepdefinition.CCPAPageTest">
        <test-method status="PASS" signature="setUp()[pri:0, instance:stepdefinition.CCPAPageTest@3d121db3]" name="setUp" is-config="true" duration-ms="22" started-at="2020-04-08T14:05:02Z" finished-at="2020-04-08T14:05:02Z">
          <reporter-output>
          </reporter-output>
        </test-method> <!-- setUp -->
        <test-method status="PASS" signature="setUpClass()[pri:0, instance:stepdefinition.CCPAPageTest@3d121db3]" name="setUpClass" is-config="true" duration-ms="31" started-at="2020-04-08T14:05:36Z" finished-at="2020-04-08T14:05:36Z">
          <reporter-output>
          </reporter-output>
        </test-method> <!-- setUpClass -->
        <test-method status="PASS" signature="configureDriverPath(java.lang.String, java.lang.String, java.lang.String, java.lang.String, java.lang.String, java.lang.String)[pri:0, instance:stepdefinition.CCPAPageTest@3d121db3]" name="configureDriverPath" is-config="true" duration-ms="8" started-at="2020-04-08T14:05:36Z" finished-at="2020-04-08T14:05:36Z">
          <params>
            <param index="0">
              <value>
                <![CDATA[https://3.229.165.41/ccpaui/#/publisher/consumer-request]]>
              </value>
            </param>
            <param index="1">
              <value>
                <![CDATA[QA]]>
              </value>
            </param>
            <param index="2">
              <value>
                <![CDATA[Windows]]>
              </value>
            </param>
            <param index="3">
              <value>
                <![CDATA[Chrome]]>
              </value>
            </param>
            <param index="4">
              <value>
                <![CDATA[65.0]]>
              </value>
            </param>
            <param index="5">
              <value>
                <![CDATA[4444]]>
              </value>
            </param>
          </params>
          <reporter-output>
          </reporter-output>
        </test-method> <!-- configureDriverPath -->
        <test-method status="PASS" signature="feature(cucumber.api.testng.CucumberFeatureWrapper)[pri:0, instance:stepdefinition.CCPAPageTest@3d121db3]" name="feature" duration-ms="25" started-at="2020-04-08T14:05:36Z" description="Runs Cucumber Feature" data-provider="features" finished-at="2020-04-08T14:05:36Z">
          <params>
            <param index="0">
              <value>
                <![CDATA[CCPA Test for field level validation.]]>
              </value>
            </param>
          </params>
          <reporter-output>
          </reporter-output>
        </test-method> <!-- feature -->
        <test-method status="FAIL" signature="tearDown()[pri:0, instance:stepdefinition.CCPAPageTest@3d121db3]" name="tearDown" is-config="true" duration-ms="3" started-at="2020-04-08T14:05:36Z" finished-at="2020-04-08T14:05:36Z">
          <exception class="org.openqa.selenium.WebDriverException">
            <message>
              <![CDATA[Thread safety error; this instance of WebDriver was constructed on thread TestNG-test=CCPA-Chrome-1 (id 11) and is being accessed by thread main (id 1)This is not permitted and *will* cause undefined behaviour
Build info: version: '3.141.5', revision: 'd54ebd709a', time: '2018-11-06T11:42:16'
System info: host: 'LAPTOP-MPMFCTP4', ip: '192.168.1.102', os.name: 'Windows 10', os.arch: 'amd64', os.version: '10.0', java.version: '1.8.0_241'
Driver info: driver.version: unknown]]>
            </message>
            <full-stacktrace>
              <![CDATA[org.openqa.selenium.WebDriverException: Thread safety error; this instance of WebDriver was constructed on thread TestNG-test=CCPA-Chrome-1 (id 11) and is being accessed by thread main (id 1)This is not permitted and *will* cause undefined behaviour
Build info: version: '3.141.5', revision: 'd54ebd709a', time: '2018-11-06T11:42:16'
System info: host: 'LAPTOP-MPMFCTP4', ip: '192.168.1.102', os.name: 'Windows 10', os.arch: 'amd64', os.version: '10.0', java.version: '1.8.0_241'
Driver info: driver.version: unknown
at org.openqa.selenium.support.ThreadGuard$WebDriverInvocationHandler.invoke(ThreadGuard.java:87)
at com.sun.proxy.$Proxy20.quit(Unknown Source)
at stepdefinition.CCPAPageTest.tearDown(CCPAPageTest.java:142)
at sun.reflect.NativeMethodAccessorImpl.invoke0(Native Method)
at sun.reflect.NativeMethodAccessorImpl.invoke(NativeMethodAccessorImpl.java:62)
at sun.reflect.DelegatingMethodAccessorImpl.invoke(DelegatingMethodAccessorImpl.java:43)
at java.lang.reflect.Method.invoke(Method.java:498)
at org.testng.internal.MethodInvocationHelper.invokeMethod(MethodInvocationHelper.java:124)
at org.testng.internal.MethodInvocationHelper.invokeMethodConsideringTimeout(MethodInvocationHelper.java:59)
at org.testng.internal.Invoker.invokeConfigurationMethod(Invoker.java:458)
at org.testng.internal.Invoker.invokeConfigurations(Invoker.java:222)
at org.testng.internal.Invoker.invokeMethod(Invoker.java:646)
at org.testng.internal.Invoker.invokeTestMethod(Invoker.java:719)
at org.testng.internal.Invoker.invokeTestMethods(Invoker.java:989)
at org.testng.internal.TestMethodWorker.invokeTestMethods(TestMethodWorker.java:125)
at org.testng.internal.TestMethodWorker.run(TestMethodWorker.java:109)
at org.testng.TestRunner.privateRun(TestRunner.java:648)
at org.testng.TestRunner.run(TestRunner.java:505)
at org.testng.SuiteRunner.runTest(SuiteRunner.java:455)
at org.testng.SuiteRunner.runSequentially(SuiteRunner.java:450)
at org.testng.SuiteRunner.privateRun(SuiteRunner.java:415)
at org.testng.SuiteRunner.run(SuiteRunner.java:364)
at org.testng.SuiteRunnerWorker.runSuite(SuiteRunnerWorker.java:52)
at org.testng.SuiteRunnerWorker.run(SuiteRunnerWorker.java:84)
at org.testng.TestNG.runSuitesSequentially(TestNG.java:1208)
at org.testng.TestNG.runSuitesLocally(TestNG.java:1137)
at org.testng.TestNG.runSuites(TestNG.java:1049)
at org.testng.TestNG.run(TestNG.java:1017)
at org.testng.remote.AbstractRemoteTestNG.run(AbstractRemoteTestNG.java:132)
at org.testng.remote.RemoteTestNG.initAndRun(RemoteTestNG.java:230)
at org.testng.remote.RemoteTestNG.main(RemoteTestNG.java:76)
]]>
            </full-stacktrace>
          </exception> <!-- org.openqa.selenium.WebDriverException -->
          <reporter-output>
          </reporter-output>
        </test-method> <!-- tearDown -->
        <test-method status="SKIP" signature="destroyLocalDriver()[pri:0, instance:stepdefinition.CCPAPageTest@3d121db3]" name="destroyLocalDriver" is-config="true" duration-ms="0" started-at="2020-04-08T14:05:36Z" finished-at="2020-04-08T14:05:36Z">
          <reporter-output>
          </reporter-output>
        </test-method> <!-- destroyLocalDriver -->
        <test-method status="SKIP" signature="postCondition(org.testng.ITestResult)[pri:0, instance:stepdefinition.CCPAPageTest@3d121db3]" name="postCondition" is-config="true" duration-ms="0" started-at="2020-04-08T14:05:36Z" finished-at="2020-04-08T14:05:36Z">
          <reporter-output>
          </reporter-output>
        </test-method> <!-- postCondition -->
        <test-method status="SKIP" signature="entervalues()[pri:0, instance:stepdefinition.CCPAPageTest@3d121db3]" name="entervalues" duration-ms="0" started-at="2020-04-08T14:05:36Z" finished-at="2020-04-08T14:05:36Z">
          <exception class="org.openqa.selenium.WebDriverException">
            <message>
              <![CDATA[Thread safety error; this instance of WebDriver was constructed on thread TestNG-test=CCPA-Chrome-1 (id 11) and is being accessed by thread main (id 1)This is not permitted and *will* cause undefined behaviour
Build info: version: '3.141.5', revision: 'd54ebd709a', time: '2018-11-06T11:42:16'
System info: host: 'LAPTOP-MPMFCTP4', ip: '192.168.1.102', os.name: 'Windows 10', os.arch: 'amd64', os.version: '10.0', java.version: '1.8.0_241'
Driver info: driver.version: unknown]]>
            </message>
            <full-stacktrace>
              <![CDATA[org.openqa.selenium.WebDriverException: Thread safety error; this instance of WebDriver was constructed on thread TestNG-test=CCPA-Chrome-1 (id 11) and is being accessed by thread main (id 1)This is not permitted and *will* cause undefined behaviour
Build info: version: '3.141.5', revision: 'd54ebd709a', time: '2018-11-06T11:42:16'
System info: host: 'LAPTOP-MPMFCTP4', ip: '192.168.1.102', os.name: 'Windows 10', os.arch: 'amd64', os.version: '10.0', java.version: '1.8.0_241'
Driver info: driver.version: unknown
at org.openqa.selenium.support.ThreadGuard$WebDriverInvocationHandler.invoke(ThreadGuard.java:87)
at com.sun.proxy.$Proxy20.quit(Unknown Source)
at stepdefinition.CCPAPageTest.tearDown(CCPAPageTest.java:142)
at sun.reflect.NativeMethodAccessorImpl.invoke0(Native Method)
at sun.reflect.NativeMethodAccessorImpl.invoke(NativeMethodAccessorImpl.java:62)
at sun.reflect.DelegatingMethodAccessorImpl.invoke(DelegatingMethodAccessorImpl.java:43)
at java.lang.reflect.Method.invoke(Method.java:498)
at org.testng.internal.MethodInvocationHelper.invokeMethod(MethodInvocationHelper.java:124)
at org.testng.internal.MethodInvocationHelper.invokeMethodConsideringTimeout(MethodInvocationHelper.java:59)
at org.testng.internal.Invoker.invokeConfigurationMethod(Invoker.java:458)
at org.testng.internal.Invoker.invokeConfigurations(Invoker.java:222)
at org.testng.internal.Invoker.invokeMethod(Invoker.java:646)
at org.testng.internal.Invoker.invokeTestMethod(Invoker.java:719)
at org.testng.internal.Invoker.invokeTestMethods(Invoker.java:989)
at org.testng.internal.TestMethodWorker.invokeTestMethods(TestMethodWorker.java:125)
at org.testng.internal.TestMethodWorker.run(TestMethodWorker.java:109)
at org.testng.TestRunner.privateRun(TestRunner.java:648)
at org.testng.TestRunner.run(TestRunner.java:505)
at org.testng.SuiteRunner.runTest(SuiteRunner.java:455)
at org.testng.SuiteRunner.runSequentially(SuiteRunner.java:450)
at org.testng.SuiteRunner.privateRun(SuiteRunner.java:415)
at org.testng.SuiteRunner.run(SuiteRunner.java:364)
at org.testng.SuiteRunnerWorker.runSuite(SuiteRunnerWorker.java:52)
at org.testng.SuiteRunnerWorker.run(SuiteRunnerWorker.java:84)
at org.testng.TestNG.runSuitesSequentially(TestNG.java:1208)
at org.testng.TestNG.runSuitesLocally(TestNG.java:1137)
at org.testng.TestNG.runSuites(TestNG.java:1049)
at org.testng.TestNG.run(TestNG.java:1017)
at org.testng.remote.AbstractRemoteTestNG.run(AbstractRemoteTestNG.java:132)
at org.testng.remote.RemoteTestNG.initAndRun(RemoteTestNG.java:230)
at org.testng.remote.RemoteTestNG.main(RemoteTestNG.java:76)
]]>
            </full-stacktrace>
          </exception> <!-- org.openqa.selenium.WebDriverException -->
          <reporter-output>
          </reporter-output>
        </test-method> <!-- entervalues -->
        <test-method status="SKIP" signature="tearDown()[pri:0, instance:stepdefinition.CCPAPageTest@3d121db3]" name="tearDown" is-config="true" duration-ms="0" started-at="2020-04-08T14:05:36Z" finished-at="2020-04-08T14:05:36Z">
          <reporter-output>
          </reporter-output>
        </test-method> <!-- tearDown -->
        <test-method status="SKIP" signature="destroyLocalDriver()[pri:0, instance:stepdefinition.CCPAPageTest@3d121db3]" name="destroyLocalDriver" is-config="true" duration-ms="0" started-at="2020-04-08T14:05:36Z" finished-at="2020-04-08T14:05:36Z">
          <reporter-output>
          </reporter-output>
        </test-method> <!-- destroyLocalDriver -->
        <test-method status="SKIP" signature="postCondition(org.testng.ITestResult)[pri:0, instance:stepdefinition.CCPAPageTest@3d121db3]" name="postCondition" is-config="true" duration-ms="0" started-at="2020-04-08T14:05:36Z" finished-at="2020-04-08T14:05:36Z">
          <reporter-output>
          </reporter-output>
        </test-method> <!-- postCondition -->
        <test-method status="SKIP" signature="formenter()[pri:0, instance:stepdefinition.CCPAPageTest@3d121db3]" name="formenter" duration-ms="0" started-at="2020-04-08T14:05:36Z" finished-at="2020-04-08T14:05:36Z">
          <exception class="org.openqa.selenium.WebDriverException">
            <message>
              <![CDATA[Thread safety error; this instance of WebDriver was constructed on thread TestNG-test=CCPA-Chrome-1 (id 11) and is being accessed by thread main (id 1)This is not permitted and *will* cause undefined behaviour
Build info: version: '3.141.5', revision: 'd54ebd709a', time: '2018-11-06T11:42:16'
System info: host: 'LAPTOP-MPMFCTP4', ip: '192.168.1.102', os.name: 'Windows 10', os.arch: 'amd64', os.version: '10.0', java.version: '1.8.0_241'
Driver info: driver.version: unknown]]>
            </message>
            <full-stacktrace>
              <![CDATA[org.openqa.selenium.WebDriverException: Thread safety error; this instance of WebDriver was constructed on thread TestNG-test=CCPA-Chrome-1 (id 11) and is being accessed by thread main (id 1)This is not permitted and *will* cause undefined behaviour
Build info: version: '3.141.5', revision: 'd54ebd709a', time: '2018-11-06T11:42:16'
System info: host: 'LAPTOP-MPMFCTP4', ip: '192.168.1.102', os.name: 'Windows 10', os.arch: 'amd64', os.version: '10.0', java.version: '1.8.0_241'
Driver info: driver.version: unknown
at org.openqa.selenium.support.ThreadGuard$WebDriverInvocationHandler.invoke(ThreadGuard.java:87)
at com.sun.proxy.$Proxy20.quit(Unknown Source)
at stepdefinition.CCPAPageTest.tearDown(CCPAPageTest.java:142)
at sun.reflect.NativeMethodAccessorImpl.invoke0(Native Method)
at sun.reflect.NativeMethodAccessorImpl.invoke(NativeMethodAccessorImpl.java:62)
at sun.reflect.DelegatingMethodAccessorImpl.invoke(DelegatingMethodAccessorImpl.java:43)
at java.lang.reflect.Method.invoke(Method.java:498)
at org.testng.internal.MethodInvocationHelper.invokeMethod(MethodInvocationHelper.java:124)
at org.testng.internal.MethodInvocationHelper.invokeMethodConsideringTimeout(MethodInvocationHelper.java:59)
at org.testng.internal.Invoker.invokeConfigurationMethod(Invoker.java:458)
at org.testng.internal.Invoker.invokeConfigurations(Invoker.java:222)
at org.testng.internal.Invoker.invokeMethod(Invoker.java:646)
at org.testng.internal.Invoker.invokeTestMethod(Invoker.java:719)
at org.testng.internal.Invoker.invokeTestMethods(Invoker.java:989)
at org.testng.internal.TestMethodWorker.invokeTestMethods(TestMethodWorker.java:125)
at org.testng.internal.TestMethodWorker.run(TestMethodWorker.java:109)
at org.testng.TestRunner.privateRun(TestRunner.java:648)
at org.testng.TestRunner.run(TestRunner.java:505)
at org.testng.SuiteRunner.runTest(SuiteRunner.java:455)
at org.testng.SuiteRunner.runSequentially(SuiteRunner.java:450)
at org.testng.SuiteRunner.privateRun(SuiteRunner.java:415)
at org.testng.SuiteRunner.run(SuiteRunner.java:364)
at org.testng.SuiteRunnerWorker.runSuite(SuiteRunnerWorker.java:52)
at org.testng.SuiteRunnerWorker.run(SuiteRunnerWorker.java:84)
at org.testng.TestNG.runSuitesSequentially(TestNG.java:1208)
at org.testng.TestNG.runSuitesLocally(TestNG.java:1137)
at org.testng.TestNG.runSuites(TestNG.java:1049)
at org.testng.TestNG.run(TestNG.java:1017)
at org.testng.remote.AbstractRemoteTestNG.run(AbstractRemoteTestNG.java:132)
at org.testng.remote.RemoteTestNG.initAndRun(RemoteTestNG.java:230)
at org.testng.remote.RemoteTestNG.main(RemoteTestNG.java:76)
]]>
            </full-stacktrace>
          </exception> <!-- org.openqa.selenium.WebDriverException -->
          <reporter-output>
          </reporter-output>
        </test-method> <!-- formenter -->
        <test-method status="SKIP" signature="tearDown()[pri:0, instance:stepdefinition.CCPAPageTest@3d121db3]" name="tearDown" is-config="true" duration-ms="0" started-at="2020-04-08T14:05:36Z" finished-at="2020-04-08T14:05:36Z">
          <reporter-output>
          </reporter-output>
        </test-method> <!-- tearDown -->
        <test-method status="SKIP" signature="destroyLocalDriver()[pri:0, instance:stepdefinition.CCPAPageTest@3d121db3]" name="destroyLocalDriver" is-config="true" duration-ms="0" started-at="2020-04-08T14:05:36Z" finished-at="2020-04-08T14:05:36Z">
          <reporter-output>
          </reporter-output>
        </test-method> <!-- destroyLocalDriver -->
        <test-method status="SKIP" signature="postCondition(org.testng.ITestResult)[pri:0, instance:stepdefinition.CCPAPageTest@3d121db3]" name="postCondition" is-config="true" duration-ms="0" started-at="2020-04-08T14:05:36Z" finished-at="2020-04-08T14:05:36Z">
          <reporter-output>
          </reporter-output>
        </test-method> <!-- postCondition -->
        <test-method status="FAIL" signature="CCPAPageTitleTest(java.lang.String, java.lang.String, java.lang.String, java.lang.String, java.lang.String)[pri:1, instance:stepdefinition.CCPAPageTest@3d121db3]" name="CCPAPageTitleTest" duration-ms="1412" started-at="2020-04-08T14:05:36Z" data-provider="BuildData" finished-at="2020-04-08T14:05:38Z">
          <exception class="org.testng.internal.reflect.MethodMatcherException">
            <message>
              <![CDATA[
Data provider mismatch
Method: CCPAPageTitleTest([Parameter{index=0, type=java.lang.String, declaredAnnotations=[]}, Parameter{index=1, type=java.lang.String, declaredAnnotations=[]}, Parameter{index=2, type=java.lang.String, declaredAnnotations=[]}, Parameter{index=3, type=java.lang.String, declaredAnnotations=[]}, Parameter{index=4, type=java.lang.String, declaredAnnotations=[]}])
Arguments: [(java.lang.String) 4XBQP4XLJ6,(java.lang.String) 42,(java.lang.String) DNS,(java.lang.String) Michael,(java.lang.String) Smith,null,null,null,null,null,null,null,null,null,null,null,null,null,null,null,null,null,null,null,null,null,null,null,null,null,null,null,null,null]]]>
            </message>
            <full-stacktrace>
              <![CDATA[org.testng.internal.reflect.MethodMatcherException: 
Data provider mismatch
Method: CCPAPageTitleTest([Parameter{index=0, type=java.lang.String, declaredAnnotations=[]}, Parameter{index=1, type=java.lang.String, declaredAnnotations=[]}, Parameter{index=2, type=java.lang.String, declaredAnnotations=[]}, Parameter{index=3, type=java.lang.String, declaredAnnotations=[]}, Parameter{index=4, type=java.lang.String, declaredAnnotations=[]}])
Arguments: [(java.lang.String) 4XBQP4XLJ6,(java.lang.String) 42,(java.lang.String) DNS,(java.lang.String) Michael,(java.lang.String) Smith,null,null,null,null,null,null,null,null,null,null,null,null,null,null,null,null,null,null,null,null,null,null,null,null,null,null,null,null,null]
at org.testng.internal.reflect.DataProviderMethodMatcher.getConformingArguments(DataProviderMethodMatcher.java:45)
at org.testng.internal.Parameters.injectParameters(Parameters.java:796)
at org.testng.internal.Invoker.invokeTestMethods(Invoker.java:983)
at org.testng.internal.TestMethodWorker.invokeTestMethods(TestMethodWorker.java:125)
at org.testng.internal.TestMethodWorker.run(TestMethodWorker.java:109)
at org.testng.TestRunner.privateRun(TestRunner.java:648)
at org.testng.TestRunner.run(TestRunner.java:505)
at org.testng.SuiteRunner.runTest(SuiteRunner.java:455)
at org.testng.SuiteRunner.runSequentially(SuiteRunner.java:450)
at org.testng.SuiteRunner.privateRun(SuiteRunner.java:415)
at org.testng.SuiteRunner.run(SuiteRunner.java:364)
at org.testng.SuiteRunnerWorker.runSuite(SuiteRunnerWorker.java:52)
at org.testng.SuiteRunnerWorker.run(SuiteRunnerWorker.java:84)
at org.testng.TestNG.runSuitesSequentially(TestNG.java:1208)
at org.testng.TestNG.runSuitesLocally(TestNG.java:1137)
at org.testng.TestNG.runSuites(TestNG.java:1049)
at org.testng.TestNG.run(TestNG.java:1017)
at org.testng.remote.AbstractRemoteTestNG.run(AbstractRemoteTestNG.java:132)
at org.testng.remote.RemoteTestNG.initAndRun(RemoteTestNG.java:230)
at org.testng.remote.RemoteTestNG.main(RemoteTestNG.java:76)
]]>
            </full-stacktrace>
          </exception> <!-- org.testng.internal.reflect.MethodMatcherException -->
          <reporter-output>
          </reporter-output>
        </test-method> <!-- CCPAPageTitleTest -->
        <test-method status="SKIP" signature="teardown()[pri:0, instance:stepdefinition.CCPAPageTest@3d121db3]" name="teardown" is-config="true" duration-ms="0" started-at="2020-04-08T14:05:38Z" finished-at="2020-04-08T14:05:38Z">
          <reporter-output>
          </reporter-output>
        </test-method> <!-- teardown -->
        <test-method status="SKIP" signature="writeExtentReport()[pri:0, instance:stepdefinition.CCPAPageTest@3d121db3]" name="writeExtentReport" is-config="true" duration-ms="0" started-at="2020-04-08T14:05:38Z" finished-at="2020-04-08T14:05:38Z">
          <reporter-output>
          </reporter-output>
        </test-method> <!-- writeExtentReport -->
        <test-method status="PASS" signature="tearDownClass()[pri:0, instance:stepdefinition.CCPAPageTest@3d121db3]" name="tearDownClass" is-config="true" duration-ms="218" started-at="2020-04-08T14:05:38Z" finished-at="2020-04-08T14:05:38Z">
          <reporter-output>
          </reporter-output>
        </test-method> <!-- tearDownClass -->
      </class> <!-- stepdefinition.CCPAPageTest -->
    </test> <!-- CCPA-Chrom1 -->
  </suite> <!-- Main Test Suite -->
</testng-results>
